<?xml version="1.0" encoding="UTF-8"?>
<!-- Generated by org.testng.reporters.JUnitXMLReporter -->
<testsuite hostname="LocalHost" name="Surefire test" tests="2" failures="0" timestamp="9 Jul 2017 15:37:30 GMT" time="22.725" errors="0">
  <testcase name="testAdminIsAbleToLogin" time="10.946" classname="com.orangehrm.test.EmployeeRecordsTest"/>
  <testcase name="testAdminIsAbleToLogin" time="11.482" classname="com.orangehrm.test.LoginWithAdminAndCreateNewUserTest"/>
</testsuite> <!-- Surefire test -->
